<?xml version="1.0" encoding="UTF-8"?>
<!-- Generated by org.testng.reporters.JUnitXMLReporter -->
<testsuite ignored="0" hostname="DESKTOP-I7N3PLM" failures="0" tests="8" name="Validate elements of Rediffmail login page in Edge Browser" time="39.839" errors="0" timestamp="2022-02-06T11:39:02 IST">
  <testcase classname="common.RediffMail.Test.VerifyObjectsOfLoginPage" name="verifyPresenceOfCreateNewAccountLink" time="4.321"/>
  <testcase classname="common.RediffMail.Test.VerifyObjectsOfLoginPage" name="verifyPresenceOfDiclaimerLink" time="4.457"/>
  <testcase classname="common.RediffMail.Test.VerifyObjectsOfLoginPage" name="verifyPresenceOfForgotPasswordButton" time="4.287"/>
  <testcase classname="common.RediffMail.Test.VerifyObjectsOfLoginPage" name="verifyPresenceOfPrivacyPolicyLink" time="4.279"/>
  <testcase classname="common.RediffMail.Test.VerifyObjectsOfLoginPage" name="verifyPresenceOfSignInButton" time="4.229"/>
  <testcase classname="common.RediffMail.Test.VerifyObjectsOfLoginPage" name="verifyPresenceOfUserNameTextBox" time="4.234"/>
  <testcase classname="common.RediffMail.Test.VerifyObjectsOfLoginPage" name="verifyPresenceOfUserPasswordTextBox" time="4.232"/>
  <testcase classname="common.RediffMail.Test.VerifyObjectsOfLoginPage" name="verifyPresenceOfKeepMeSignedInCheckBox" time="4.286"/>
</testsuite> <!-- Validate elements of Rediffmail login page in Edge Browser -->
