<?xml version="1.0" encoding="UTF-8"?>
<!-- Generated by org.testng.reporters.JUnitXMLReporter -->
<testsuite ignored="0" hostname="DESKTOP-I7N3PLM" failures="0" tests="24" name="Validate elements of Rediffmail User Home page in Chrome Browser" time="123.261" errors="0" timestamp="2022-02-07T19:13:55 IST">
  <testcase classname="common.RediffMail.Test.VerifyObjectsOfUserHomePage" name="verifyPresenceOfrediffHomePageLink" time="17.304"/>
  <testcase classname="common.RediffMail.Test.VerifyObjectsOfUserHomePage" name="verifyPresenceOfAddNewFolderIcon" time="4.341"/>
  <testcase classname="common.RediffMail.Test.VerifyObjectsOfUserHomePage" name="verifyPresenceOfAddressBookIcon" time="4.325"/>
  <testcase classname="common.RediffMail.Test.VerifyObjectsOfUserHomePage" name="verifyPresenceOfAdvanceSearhLink" time="4.296"/>
  <testcase classname="common.RediffMail.Test.VerifyObjectsOfUserHomePage" name="verifyPresenceOfBulkTaBButton" time="4.346"/>
  <testcase classname="common.RediffMail.Test.VerifyObjectsOfUserHomePage" name="verifyPresenceOfCalendarIcon" time="4.347"/>
  <testcase classname="common.RediffMail.Test.VerifyObjectsOfUserHomePage" name="verifyPresenceOfCopyRightText" time="4.312"/>
  <testcase classname="common.RediffMail.Test.VerifyObjectsOfUserHomePage" name="verifyPresenceOfDisclaimerLink" time="4.296"/>
  <testcase classname="common.RediffMail.Test.VerifyObjectsOfUserHomePage" name="verifyPresenceOfDraftsTabButton" time="4.292"/>
  <testcase classname="common.RediffMail.Test.VerifyObjectsOfUserHomePage" name="verifyPresenceOfFeedBackLink" time="4.366"/>
  <testcase classname="common.RediffMail.Test.VerifyObjectsOfUserHomePage" name="verifyPresenceOfFoldersExpandIcon" time="4.281"/>
  <testcase classname="common.RediffMail.Test.VerifyObjectsOfUserHomePage" name="verifyPresenceOfInboxTabButton" time="4.281"/>
  <testcase classname="common.RediffMail.Test.VerifyObjectsOfUserHomePage" name="verifyPresenceOfJunkTabButton" time="4.306"/>
  <testcase classname="common.RediffMail.Test.VerifyObjectsOfUserHomePage" name="verifyPresenceOfLogOutLink" time="4.288"/>
  <testcase classname="common.RediffMail.Test.VerifyObjectsOfUserHomePage" name="verifyPresenceOfPrivacyPolicyLink" time="4.34"/>
  <testcase classname="common.RediffMail.Test.VerifyObjectsOfUserHomePage" name="verifyPresenceOfSearchIcon" time="4.292"/>
  <testcase classname="common.RediffMail.Test.VerifyObjectsOfUserHomePage" name="verifyPresenceOfSearchTextBox" time="4.3"/>
  <testcase classname="common.RediffMail.Test.VerifyObjectsOfUserHomePage" name="verifyPresenceOfSentTabButton" time="4.381"/>
  <testcase classname="common.RediffMail.Test.VerifyObjectsOfUserHomePage" name="verifyPresenceOfSettingsButton" time="4.289"/>
  <testcase classname="common.RediffMail.Test.VerifyObjectsOfUserHomePage" name="verifyPresenceOfSettingsLink" time="4.286"/>
  <testcase classname="common.RediffMail.Test.VerifyObjectsOfUserHomePage" name="verifyPresenceOfTrashTabButton" time="4.33"/>
  <testcase classname="common.RediffMail.Test.VerifyObjectsOfUserHomePage" name="verifyPresenceOfUserProfileLink" time="4.351"/>
  <testcase classname="common.RediffMail.Test.VerifyObjectsOfUserHomePage" name="verifyPresenceOfWriteMailTabButton" time="4.292"/>
  <testcase classname="common.RediffMail.Test.VerifyObjectsOfUserHomePage" name="verifyPresenceOftNcLink" time="4.29"/>
</testsuite> <!-- Validate elements of Rediffmail User Home page in Chrome Browser -->
