<?xml version="1.0" encoding="UTF-8"?>
<!-- Generated by org.testng.reporters.JUnitXMLReporter -->
<testsuite ignored="0" hostname="DESKTOP-I7N3PLM" failures="0" tests="6" name="Validate elements of Rediffmail login page in Edge Browser" time="60.492" errors="0" timestamp="2022-02-01T19:06:27 IST">
  <testcase classname="common.RediffMail.Test.VerifyObjectsOfLoginPage" name="verifyPresenceOfCreateNewAccountLink" time="4.458"/>
  <testcase classname="common.RediffMail.Test.VerifyObjectsOfLoginPage" name="verifyPresenceOfForgotPasswordButton" time="4.316"/>
  <testcase classname="common.RediffMail.Test.VerifyObjectsOfLoginPage" name="verifyPresenceOfSignInButton" time="4.478"/>
  <testcase classname="common.RediffMail.Test.VerifyObjectsOfLoginPage" name="verifyPresenceOfUserNameTextBox" time="4.34"/>
  <testcase classname="common.RediffMail.Test.VerifyObjectsOfLoginPage" name="verifyPresenceOfUserPasswordTextBox" time="4.42"/>
  <testcase classname="common.RediffMail.Test.VerifyObjectsOfLoginPage" name="verifyPresenceOfKeepMeSignedInCheckBox" time="4.375"/>
</testsuite> <!-- Validate elements of Rediffmail login page in Edge Browser -->
