<?xml version="1.0" encoding="UTF-8"?>
<!-- Generated by org.testng.reporters.JUnitXMLReporter -->
<testsuite ignored="7" hostname="DESKTOP-I7N3PLM" failures="0" tests="1" name="Default test" time="0.403" errors="0" timestamp="2022-02-07T18:35:03 IST">
  <testcase classname="common.Utility.TestBaseClass" name="@BeforeTest initializeBrowser" time="-1.644239103359E9">
    <failure type="org.testng.TestNGException" message="
Parameter &amp;apos;browser&amp;apos; is required by BeforeTest on method initializeBrowser but has not been marked @Optional or defined
in C:\Users\Vaaman\AppData\Local\Temp\testng-eclipse--512841696\testng-customsuite.xml">
      <![CDATA[org.testng.TestNGException: 
Parameter 'browser' is required by BeforeTest on method initializeBrowser but has not been marked @Optional or defined
in C:\Users\Vaaman\AppData\Local\Temp\testng-eclipse--512841696\testng-customsuite.xml
at org.testng.internal.Parameters.createParams(Parameters.java:270)
at org.testng.internal.Parameters.createParametersForMethod(Parameters.java:358)
at org.testng.internal.Parameters.createParameters(Parameters.java:700)
at org.testng.internal.Parameters.createConfigurationParameters(Parameters.java:168)
at org.testng.internal.ConfigInvoker.invokeConfigurations(ConfigInvoker.java:302)
at org.testng.TestRunner.invokeTestConfigurations(TestRunner.java:637)
at org.testng.TestRunner.beforeRun(TestRunner.java:627)
at org.testng.TestRunner.run(TestRunner.java:589)
at org.testng.SuiteRunner.runTest(SuiteRunner.java:377)
at org.testng.SuiteRunner.runSequentially(SuiteRunner.java:371)
at org.testng.SuiteRunner.privateRun(SuiteRunner.java:332)
at org.testng.SuiteRunner.run(SuiteRunner.java:276)
at org.testng.SuiteRunnerWorker.runSuite(SuiteRunnerWorker.java:53)
at org.testng.SuiteRunnerWorker.run(SuiteRunnerWorker.java:96)
at org.testng.TestNG.runSuitesSequentially(TestNG.java:1212)
at org.testng.TestNG.runSuitesLocally(TestNG.java:1134)
at org.testng.TestNG.runSuites(TestNG.java:1063)
at org.testng.TestNG.run(TestNG.java:1031)
at org.testng.remote.AbstractRemoteTestNG.run(AbstractRemoteTestNG.java:115)
at org.testng.remote.RemoteTestNG.initAndRun(RemoteTestNG.java:251)
at org.testng.remote.RemoteTestNG.main(RemoteTestNG.java:77)
]]>
    </failure>
  </testcase> <!-- @BeforeTest initializeBrowser -->
  <testcase classname="common.Utility.TestBaseClass" name="@AfterTest quitBrowser" time="-1.644239103737E9">
    <skipped/>
  </testcase> <!-- @AfterTest quitBrowser -->
  <testcase classname="common.RediffMail.Test.VerifyObjectsOfUserHomePage" name="verifyPresenceOfLogOutLink" time="0.0">
    <skipped/>
  </testcase> <!-- verifyPresenceOfLogOutLink -->
  <testcase classname="common.RediffMail.Test.VerifyObjectsOfUserHomePage" name="verifyPresenceOfSettingsButton" time="0.0">
    <ignored/>
  </testcase> <!-- verifyPresenceOfSettingsButton -->
  <testcase classname="common.RediffMail.Test.VerifyObjectsOfUserHomePage" name="verifyPresenceOfAdvanceSearhLink" time="0.0">
    <ignored/>
  </testcase> <!-- verifyPresenceOfAdvanceSearhLink -->
  <testcase classname="common.RediffMail.Test.VerifyObjectsOfUserHomePage" name="verifyPresenceOfrediffHomePageLink" time="0.0">
    <ignored/>
  </testcase> <!-- verifyPresenceOfrediffHomePageLink -->
  <testcase classname="common.RediffMail.Test.VerifyObjectsOfUserHomePage" name="verifyPresenceOfSearchTextBox" time="0.0">
    <ignored/>
  </testcase> <!-- verifyPresenceOfSearchTextBox -->
  <testcase classname="common.RediffMail.Test.VerifyObjectsOfUserHomePage" name="verifyPresenceOfUserProfileLink" time="0.0">
    <ignored/>
  </testcase> <!-- verifyPresenceOfUserProfileLink -->
  <testcase classname="common.RediffMail.Test.VerifyObjectsOfUserHomePage" name="verifyPresenceOfSettingsLink" time="0.0">
    <ignored/>
  </testcase> <!-- verifyPresenceOfSettingsLink -->
  <testcase classname="common.RediffMail.Test.VerifyObjectsOfUserHomePage" name="verifyPresenceOfSearchIcon" time="0.0">
    <ignored/>
  </testcase> <!-- verifyPresenceOfSearchIcon -->
</testsuite> <!-- Default test -->
