<?xml version="1.0" encoding="UTF-8"?>
<testng-results ignored="0" total="1" passed="1" failed="0" skipped="0">
  <reporter-output>
  </reporter-output>
  <suite started-at="2022-02-07T21:30:17 IST" name="RA QA Test XML" finished-at="2022-02-07T21:30:41 IST" duration-ms="24070">
    <groups>
    </groups>
    <test started-at="2022-02-07T21:30:17 IST" name="Validate elements of Rediffmail login page in Chrome Browser" finished-at="2022-02-07T21:30:41 IST" duration-ms="24070">
      <class name="common.RediffMail.Test.ValidateLoginLogOut">
        <test-method is-config="true" signature="initializeBrowser(java.lang.String)[pri:0, instance:common.RediffMail.Test.ValidateLoginLogOut@8dbfffb]" started-at="2022-02-07T21:30:17 IST" name="initializeBrowser" finished-at="2022-02-07T21:30:22 IST" duration-ms="4550" status="PASS">
          <params>
            <param index="0">
              <value>
                <![CDATA[chrome]]>
              </value>
            </param>
          </params>
          <reporter-output>
          </reporter-output>
        </test-method> <!-- initializeBrowser -->
        <test-method signature="ValidateLoginLogOut_test()[pri:1, instance:common.RediffMail.Test.ValidateLoginLogOut@8dbfffb]" started-at="2022-02-07T21:30:22 IST" name="ValidateLoginLogOut_test" description="This test is to validate login logout funtionalities" finished-at="2022-02-07T21:30:41 IST" duration-ms="18759" status="PASS">
          <reporter-output>
          </reporter-output>
        </test-method> <!-- ValidateLoginLogOut_test -->
        <test-method is-config="true" signature="quitBrowser()[pri:0, instance:common.RediffMail.Test.ValidateLoginLogOut@8dbfffb]" started-at="2022-02-07T21:30:41 IST" name="quitBrowser" finished-at="2022-02-07T21:30:41 IST" duration-ms="473" status="PASS">
          <reporter-output>
          </reporter-output>
        </test-method> <!-- quitBrowser -->
        <test-method is-config="true" signature="sendEmailReport()[pri:0, instance:common.RediffMail.Test.ValidateLoginLogOut@8dbfffb]" started-at="2022-02-07T21:30:41 IST" name="sendEmailReport" finished-at="2022-02-07T21:30:47 IST" duration-ms="5236" status="PASS">
          <reporter-output>
          </reporter-output>
        </test-method> <!-- sendEmailReport -->
      </class> <!-- common.RediffMail.Test.ValidateLoginLogOut -->
    </test> <!-- Validate elements of Rediffmail login page in Chrome Browser -->
  </suite> <!-- RA QA Test XML -->
</testng-results>
