<?xml version="1.0" encoding="UTF-8"?>
<!-- Generated by org.testng.reporters.JUnitXMLReporter -->
<testsuite ignored="0" hostname="DESKTOP-I7N3PLM" failures="0" tests="24" name="Validate elements of Rediffmail User Home page in EDGE Browser" time="117.915" errors="0" timestamp="2022-02-07T20:45:36 IST">
  <testcase classname="common.RediffMail.Test.VerifyObjectsOfUserHomePage" name="verifyPresenceOfrediffHomePageLink" time="8.85"/>
  <testcase classname="common.RediffMail.Test.VerifyObjectsOfUserHomePage" name="verifyPresenceOfAddNewFolderIcon" time="4.304"/>
  <testcase classname="common.RediffMail.Test.VerifyObjectsOfUserHomePage" name="verifyPresenceOfAddressBookIcon" time="4.494"/>
  <testcase classname="common.RediffMail.Test.VerifyObjectsOfUserHomePage" name="verifyPresenceOfAdvanceSearhLink" time="4.407"/>
  <testcase classname="common.RediffMail.Test.VerifyObjectsOfUserHomePage" name="verifyPresenceOfBulkTaBButton" time="4.506"/>
  <testcase classname="common.RediffMail.Test.VerifyObjectsOfUserHomePage" name="verifyPresenceOfCalendarIcon" time="4.415"/>
  <testcase classname="common.RediffMail.Test.VerifyObjectsOfUserHomePage" name="verifyPresenceOfCopyRightText" time="4.438"/>
  <testcase classname="common.RediffMail.Test.VerifyObjectsOfUserHomePage" name="verifyPresenceOfDisclaimerLink" time="4.461"/>
  <testcase classname="common.RediffMail.Test.VerifyObjectsOfUserHomePage" name="verifyPresenceOfDraftsTabButton" time="4.475"/>
  <testcase classname="common.RediffMail.Test.VerifyObjectsOfUserHomePage" name="verifyPresenceOfFeedBackLink" time="4.407"/>
  <testcase classname="common.RediffMail.Test.VerifyObjectsOfUserHomePage" name="verifyPresenceOfFoldersExpandIcon" time="4.5"/>
  <testcase classname="common.RediffMail.Test.VerifyObjectsOfUserHomePage" name="verifyPresenceOfInboxTabButton" time="4.551"/>
  <testcase classname="common.RediffMail.Test.VerifyObjectsOfUserHomePage" name="verifyPresenceOfJunkTabButton" time="4.452"/>
  <testcase classname="common.RediffMail.Test.VerifyObjectsOfUserHomePage" name="verifyPresenceOfLogOutLink" time="4.396"/>
  <testcase classname="common.RediffMail.Test.VerifyObjectsOfUserHomePage" name="verifyPresenceOfPrivacyPolicyLink" time="4.439"/>
  <testcase classname="common.RediffMail.Test.VerifyObjectsOfUserHomePage" name="verifyPresenceOfSearchIcon" time="4.632"/>
  <testcase classname="common.RediffMail.Test.VerifyObjectsOfUserHomePage" name="verifyPresenceOfSearchTextBox" time="4.906"/>
  <testcase classname="common.RediffMail.Test.VerifyObjectsOfUserHomePage" name="verifyPresenceOfSentTabButton" time="4.448"/>
  <testcase classname="common.RediffMail.Test.VerifyObjectsOfUserHomePage" name="verifyPresenceOfSettingsButton" time="4.792"/>
  <testcase classname="common.RediffMail.Test.VerifyObjectsOfUserHomePage" name="verifyPresenceOfSettingsLink" time="4.724"/>
  <testcase classname="common.RediffMail.Test.VerifyObjectsOfUserHomePage" name="verifyPresenceOfTrashTabButton" time="4.486"/>
  <testcase classname="common.RediffMail.Test.VerifyObjectsOfUserHomePage" name="verifyPresenceOfUserProfileLink" time="4.469"/>
  <testcase classname="common.RediffMail.Test.VerifyObjectsOfUserHomePage" name="verifyPresenceOfWriteMailTabButton" time="4.444"/>
  <testcase classname="common.RediffMail.Test.VerifyObjectsOfUserHomePage" name="verifyPresenceOftNcLink" time="4.483"/>
</testsuite> <!-- Validate elements of Rediffmail User Home page in EDGE Browser -->
