<?xml version="1.0" encoding="UTF-8"?>
<!-- Generated by org.testng.reporters.JUnitXMLReporter -->
<testsuite ignored="0" hostname="DESKTOP-I7N3PLM" failures="0" tests="24" name="Validate elements of Rediffmail User Home page in Chrome Browser" time="127.368" errors="0" timestamp="2022-02-07T20:44:47 IST">
  <testcase classname="common.RediffMail.Test.VerifyObjectsOfUserHomePage" name="verifyPresenceOfrediffHomePageLink" time="19.791"/>
  <testcase classname="common.RediffMail.Test.VerifyObjectsOfUserHomePage" name="verifyPresenceOfAddNewFolderIcon" time="4.391"/>
  <testcase classname="common.RediffMail.Test.VerifyObjectsOfUserHomePage" name="verifyPresenceOfAddressBookIcon" time="4.499"/>
  <testcase classname="common.RediffMail.Test.VerifyObjectsOfUserHomePage" name="verifyPresenceOfAdvanceSearhLink" time="4.321"/>
  <testcase classname="common.RediffMail.Test.VerifyObjectsOfUserHomePage" name="verifyPresenceOfBulkTaBButton" time="4.563"/>
  <testcase classname="common.RediffMail.Test.VerifyObjectsOfUserHomePage" name="verifyPresenceOfCalendarIcon" time="4.37"/>
  <testcase classname="common.RediffMail.Test.VerifyObjectsOfUserHomePage" name="verifyPresenceOfCopyRightText" time="4.363"/>
  <testcase classname="common.RediffMail.Test.VerifyObjectsOfUserHomePage" name="verifyPresenceOfDisclaimerLink" time="4.71"/>
  <testcase classname="common.RediffMail.Test.VerifyObjectsOfUserHomePage" name="verifyPresenceOfDraftsTabButton" time="4.283"/>
  <testcase classname="common.RediffMail.Test.VerifyObjectsOfUserHomePage" name="verifyPresenceOfFeedBackLink" time="5.156"/>
  <testcase classname="common.RediffMail.Test.VerifyObjectsOfUserHomePage" name="verifyPresenceOfFoldersExpandIcon" time="4.316"/>
  <testcase classname="common.RediffMail.Test.VerifyObjectsOfUserHomePage" name="verifyPresenceOfInboxTabButton" time="4.396"/>
  <testcase classname="common.RediffMail.Test.VerifyObjectsOfUserHomePage" name="verifyPresenceOfJunkTabButton" time="4.349"/>
  <testcase classname="common.RediffMail.Test.VerifyObjectsOfUserHomePage" name="verifyPresenceOfLogOutLink" time="4.296"/>
  <testcase classname="common.RediffMail.Test.VerifyObjectsOfUserHomePage" name="verifyPresenceOfPrivacyPolicyLink" time="4.377"/>
  <testcase classname="common.RediffMail.Test.VerifyObjectsOfUserHomePage" name="verifyPresenceOfSearchIcon" time="4.399"/>
  <testcase classname="common.RediffMail.Test.VerifyObjectsOfUserHomePage" name="verifyPresenceOfSearchTextBox" time="4.275"/>
  <testcase classname="common.RediffMail.Test.VerifyObjectsOfUserHomePage" name="verifyPresenceOfSentTabButton" time="4.31"/>
  <testcase classname="common.RediffMail.Test.VerifyObjectsOfUserHomePage" name="verifyPresenceOfSettingsButton" time="4.359"/>
  <testcase classname="common.RediffMail.Test.VerifyObjectsOfUserHomePage" name="verifyPresenceOfSettingsLink" time="4.303"/>
  <testcase classname="common.RediffMail.Test.VerifyObjectsOfUserHomePage" name="verifyPresenceOfTrashTabButton" time="4.919"/>
  <testcase classname="common.RediffMail.Test.VerifyObjectsOfUserHomePage" name="verifyPresenceOfUserProfileLink" time="4.474"/>
  <testcase classname="common.RediffMail.Test.VerifyObjectsOfUserHomePage" name="verifyPresenceOfWriteMailTabButton" time="4.292"/>
  <testcase classname="common.RediffMail.Test.VerifyObjectsOfUserHomePage" name="verifyPresenceOftNcLink" time="4.476"/>
</testsuite> <!-- Validate elements of Rediffmail User Home page in Chrome Browser -->
