<?xml version="1.0" encoding="UTF-8"?>
<!-- Generated by org.testng.reporters.JUnitXMLReporter -->
<testsuite ignored="0" hostname="DESKTOP-I7N3PLM" failures="0" tests="12" name="Validate elements of Rediffmail login page in Firefox Browser" time="64.621" errors="0" timestamp="2022-02-07T20:43:38 IST">
  <testcase classname="common.RediffMail.Test.VerifyObjectsOfLoginPage" name="verifyPresenceOfCreateNewAccountLink" time="4.454"/>
  <testcase classname="common.RediffMail.Test.VerifyObjectsOfLoginPage" name="verifyPresenceOfDiclaimerLink" time="5.48"/>
  <testcase classname="common.RediffMail.Test.VerifyObjectsOfLoginPage" name="verifyPresenceOfForgotPasswordButton" time="4.32"/>
  <testcase classname="common.RediffMail.Test.VerifyObjectsOfLoginPage" name="verifyPresenceOfPrivacyPolicyLink" time="4.273"/>
  <testcase classname="common.RediffMail.Test.VerifyObjectsOfLoginPage" name="verifyPresenceOfSignInButton" time="4.256"/>
  <testcase classname="common.RediffMail.Test.VerifyObjectsOfLoginPage" name="verifyPresenceOfTopNewsSection" time="4.216"/>
  <testcase classname="common.RediffMail.Test.VerifyObjectsOfLoginPage" name="verifyPresenceOfUserNameTextBox" time="4.323"/>
  <testcase classname="common.RediffMail.Test.VerifyObjectsOfLoginPage" name="verifyPresenceOfUserPasswordTextBox" time="4.184"/>
  <testcase classname="common.RediffMail.Test.VerifyObjectsOfLoginPage" name="verifyPresenceOfRediffDotComLink" time="4.225"/>
  <testcase classname="common.RediffMail.Test.VerifyObjectsOfLoginPage" name="verifyPresenceOfDisclaimerText" time="4.28"/>
  <testcase classname="common.RediffMail.Test.VerifyObjectsOfLoginPage" name="verifyPresenceOfKeepMeSignedInCheckBox" time="4.273"/>
  <testcase classname="common.RediffMail.Test.VerifyObjectsOfLoginPage" name="verifyPresenceOfSecureLoginText" time="4.23"/>
</testsuite> <!-- Validate elements of Rediffmail login page in Firefox Browser -->
